0 info it worked if it ends with ok
1 verbose cli [ 'node', '/usr/local/bin/npm', 'install', 'pty.js' ]
2 info using npm@1.4.28
3 info using node@v0.10.33
4 verbose cache add [ 'pty.js', null ]
5 verbose cache add name=undefined spec="pty.js" args=["pty.js",null]
6 verbose parsed url { protocol: null,
6 verbose parsed url   slashes: null,
6 verbose parsed url   auth: null,
6 verbose parsed url   host: null,
6 verbose parsed url   port: null,
6 verbose parsed url   hostname: null,
6 verbose parsed url   hash: null,
6 verbose parsed url   search: null,
6 verbose parsed url   query: null,
6 verbose parsed url   pathname: 'pty.js',
6 verbose parsed url   path: 'pty.js',
6 verbose parsed url   href: 'pty.js' }
7 silly lockFile 97a5cb65-pty-js pty.js
8 verbose lock pty.js /Users/akurniawan/.npm/97a5cb65-pty-js.lock
9 silly lockFile 97a5cb65-pty-js pty.js
10 silly lockFile 97a5cb65-pty-js pty.js
11 verbose addNamed [ 'pty.js', '' ]
12 verbose addNamed [ null, '*' ]
13 silly lockFile ffa6d130-pty-js pty.js@
14 verbose lock pty.js@ /Users/akurniawan/.npm/ffa6d130-pty-js.lock
15 silly addNameRange { name: 'pty.js', range: '*', hasData: false }
16 verbose request where is /pty.js
17 verbose request registry https://registry.npmjs.org/
18 verbose request id e67e0dc6d89d7777
19 verbose url raw /pty.js
20 verbose url resolving [ 'https://registry.npmjs.org/', './pty.js' ]
21 verbose url resolved https://registry.npmjs.org/pty.js
22 verbose request where is https://registry.npmjs.org/pty.js
23 info trying registry request attempt 1 at 21:27:24
24 verbose etag "4IFVPV4KP160TLHYUMJO2W3TN"
25 http GET https://registry.npmjs.org/pty.js
26 http 304 https://registry.npmjs.org/pty.js
27 silly registry.get cb [ 304,
27 silly registry.get   { date: 'Mon, 01 Dec 2014 14:27:24 GMT',
27 silly registry.get     server: 'Apache',
27 silly registry.get     via: '1.1 varnish',
27 silly registry.get     'last-modified': 'Mon, 01 Dec 2014 14:27:26 GMT',
27 silly registry.get     'cache-control': 'max-age=60',
27 silly registry.get     etag: '"4IFVPV4KP160TLHYUMJO2W3TN"',
27 silly registry.get     age: '0',
27 silly registry.get     'x-served-by': 'cache-sn87-SIN',
27 silly registry.get     'x-cache': 'HIT',
27 silly registry.get     'x-cache-hits': '1',
27 silly registry.get     'x-timer': 'S1417444044.986174,VS0,VE1045',
27 silly registry.get     vary: 'Accept',
27 silly registry.get     'content-length': '0',
27 silly registry.get     'keep-alive': 'timeout=10, max=50',
27 silly registry.get     connection: 'Keep-Alive' } ]
28 verbose etag https://registry.npmjs.org/pty.js from cache
29 silly addNameRange number 2 { name: 'pty.js', range: '*', hasData: true }
30 silly addNameRange versions [ 'pty.js',
30 silly addNameRange   [ '0.0.1',
30 silly addNameRange     '0.0.2',
30 silly addNameRange     '0.0.3',
30 silly addNameRange     '0.0.4',
30 silly addNameRange     '0.0.5',
30 silly addNameRange     '0.0.6',
30 silly addNameRange     '0.0.6-1',
30 silly addNameRange     '0.0.7',
30 silly addNameRange     '0.0.8',
30 silly addNameRange     '0.0.9',
30 silly addNameRange     '0.1.0',
30 silly addNameRange     '0.1.1',
30 silly addNameRange     '0.1.2',
30 silly addNameRange     '0.1.3',
30 silly addNameRange     '0.2.0',
30 silly addNameRange     '0.2.1',
30 silly addNameRange     '0.2.2',
30 silly addNameRange     '0.2.3',
30 silly addNameRange     '0.2.4' ] ]
31 verbose addNamed [ 'pty.js', '0.2.4' ]
32 verbose addNamed [ '0.2.4', '0.2.4' ]
33 silly lockFile 6378f070-pty-js-0-2-4 pty.js@0.2.4
34 verbose lock pty.js@0.2.4 /Users/akurniawan/.npm/6378f070-pty-js-0-2-4.lock
35 silly lockFile 6378f070-pty-js-0-2-4 pty.js@0.2.4
36 silly lockFile 6378f070-pty-js-0-2-4 pty.js@0.2.4
37 silly lockFile ffa6d130-pty-js pty.js@
38 silly lockFile ffa6d130-pty-js pty.js@
39 silly resolved [ { name: 'pty.js',
39 silly resolved     description: 'Pseudo terminals for node.',
39 silly resolved     author: { name: 'Christopher Jeffrey' },
39 silly resolved     version: '0.2.4',
39 silly resolved     main: './index.js',
39 silly resolved     repository: { type: 'git', url: 'git://github.com/chjj/pty.js.git' },
39 silly resolved     homepage: 'https://github.com/chjj/pty.js',
39 silly resolved     bugs: { url: 'https://github.com/chjj/pty.js/issues' },
39 silly resolved     keywords: [ 'pty', 'tty', 'terminal' ],
39 silly resolved     scripts:
39 silly resolved      { test: 'NODE_ENV=test mocha -R spec',
39 silly resolved        install: 'node-gyp rebuild' },
39 silly resolved     tags: [ 'pty', 'tty', 'terminal' ],
39 silly resolved     dependencies: { extend: '~1.2.1', nan: '~1.0.0' },
39 silly resolved     devDependencies: { mocha: '~1.16.2' },
39 silly resolved     gypfile: true,
39 silly resolved     readme: '# pty.js\n\n`forkpty(3)` bindings for node.js. This allows you to fork processes with pseudo\nterminal file descriptors. It returns a terminal object which allows reads\nand writes.\n\nThis is useful for:\n\n- Writing a terminal emulator.\n- Getting certain programs to *think* you\'re a terminal. This is useful if\n  you need a program to send you control sequences.\n\n## Example Usage\n\n``` js\nvar pty = require(\'pty.js\');\n\nvar term = pty.spawn(\'bash\', [], {\n  name: \'xterm-color\',\n  cols: 80,\n  rows: 30,\n  cwd: process.env.HOME,\n  env: process.env\n});\n\nterm.on(\'data\', function(data) {\n  console.log(data);\n});\n\nterm.write(\'ls\\r\');\nterm.resize(100, 40);\nterm.write(\'ls /\\r\');\n\nconsole.log(term.process);\n```\n\n## Todo\n\n- Add tcsetattr(3), tcgetattr(3).\n- Add a way of determining the current foreground job for platforms other\n  than Linux and OSX/Darwin.\n\n## Contribution and License Agreement\n\nIf you contribute code to this project, you are implicitly allowing your code\nto be distributed under the MIT license. You are also implicitly verifying that\nall code is your original work. `</legalese>`\n\n## License\n\nCopyright (c) 2012-2014, Christopher Jeffrey (MIT License).\n',
39 silly resolved     readmeFilename: 'README.md',
39 silly resolved     gitHead: '18238d37e2915b3ac97e4ae0d5cb3e33f76ac758',
39 silly resolved     _id: 'pty.js@0.2.4',
39 silly resolved     _shasum: '57d95ef7c1f952c0b355ae31dd4e985421807693',
39 silly resolved     _from: 'pty.js@' } ]
40 info install pty.js@0.2.4 into /Users/akurniawan/Sites/akurniawan.github.io/CodeEditor/node_services
41 info installOne pty.js@0.2.4
42 error git Appears to be a git repo or submodule.
42 error git     /Users/akurniawan/Sites/akurniawan.github.io/CodeEditor/node_services/node_modules/pty.js
42 error git Refusing to remove it. Update manually,
42 error git or move it out of the way first.
43 error System Darwin 14.0.0
44 error command "node" "/usr/local/bin/npm" "install" "pty.js"
45 error cwd /Users/akurniawan/Sites/akurniawan.github.io/CodeEditor/node_services
46 error node -v v0.10.33
47 error npm -v 1.4.28
48 error path /Users/akurniawan/Sites/akurniawan.github.io/CodeEditor/node_services/node_modules/pty.js
49 error code EISGIT
50 verbose exit [ 1, true ]
